<?xml version="1.0" encoding="UTF-8"?>
<testng-results skipped="0" failed="0" ignored="0" total="2" passed="2">
  <reporter-output>
  </reporter-output>
  <suite name="Default suite" duration-ms="28442" started-at="2018-10-09T04:11:10Z" finished-at="2018-10-09T04:11:38Z">
    <groups>
    </groups>
    <test name="Default test" duration-ms="28442" started-at="2018-10-09T04:11:10Z" finished-at="2018-10-09T04:11:38Z">
      <class name="TestCase.Assignment02">
        <test-method status="PASS" signature="beforeMethod()[pri:0, instance:TestCase.Assignment02@5e3a8624]" name="beforeMethod" is-config="true" duration-ms="6016" started-at="2018-10-09T04:11:04Z" finished-at="2018-10-09T04:11:10Z">
          <reporter-output>
          </reporter-output>
        </test-method> <!-- beforeMethod -->
        <test-method status="PASS" signature="SignIn()[pri:0, instance:TestCase.Assignment02@5e3a8624]" name="SignIn" duration-ms="7356" started-at="2018-10-09T04:11:10Z" finished-at="2018-10-09T04:11:17Z">
          <reporter-output>
          </reporter-output>
        </test-method> <!-- SignIn -->
        <test-method status="PASS" signature="Search()[pri:1, instance:TestCase.Assignment02@5e3a8624]" name="Search" duration-ms="21066" started-at="2018-10-09T04:11:17Z" finished-at="2018-10-09T04:11:38Z">
          <reporter-output>
          </reporter-output>
        </test-method> <!-- Search -->
        <test-method status="PASS" signature="afterMethod()[pri:0, instance:TestCase.Assignment02@5e3a8624]" name="afterMethod" is-config="true" duration-ms="714" started-at="2018-10-09T04:11:38Z" finished-at="2018-10-09T04:11:39Z">
          <reporter-output>
          </reporter-output>
        </test-method> <!-- afterMethod -->
      </class> <!-- TestCase.Assignment02 -->
    </test> <!-- Default test -->
  </suite> <!-- Default suite -->
</testng-results>
